 * Serving Flask app "server" (lazy loading)
 * Environment: production
   WARNING: This is a development server. Do not use it in a production deployment.
   Use a production WSGI server instead.
 * Debug mode: on
Traceback (most recent call last):
  File "./loader/install/installer.py", line 108, in <module>
    directoryName = load(system)
  File "./loader/install/installer.py", line 66, in load
    details["UNAME"]=details["UNAME"].split(" ")[2]
KeyError: 'UNAME'
 * Serving Flask app "server" (lazy loading)
 * Environment: production
   WARNING: This is a development server. Do not use it in a production deployment.
   Use a production WSGI server instead.
 * Debug mode: on
 * Serving Flask app "server" (lazy loading)
 * Environment: production
   WARNING: This is a development server. Do not use it in a production deployment.
   Use a production WSGI server instead.
 * Debug mode: on
Traceback (most recent call last):
  File "./loader/install/installer.py", line 2, in <module>
    import requests 
ImportError: No module named requests
Traceback (most recent call last):
  File "./botnet/server.py", line 2, in <module>
    from flask import *
ImportError: No module named flask
Traceback (most recent call last):
  File "./botnet/server.py", line 2, in <module>
    from flask import *
ImportError: No module named flask
Traceback (most recent call last):
  File "./loader/install/installer.py", line 2, in <module>
    import requests 
ImportError: No module named requests
Traceback (most recent call last):
  File "./botnet/server.py", line 2, in <module>
    from flask import *
ImportError: No module named flask
Traceback (most recent call last):
  File "./loader/install/installer.py", line 2, in <module>
    import requests 
ImportError: No module named requests
